<?xml version="1.0" encoding="UTF-8"?>
<!-- Generated by org.testng.reporters.JUnitXMLReporter -->
<testsuite hostname="DESKTOP-KUCBRGK" ignored="0" name="Test" tests="15" failures="0" timestamp="2022-11-24T11:04:08 IST" time="0.156" errors="0">
  <testcase name="script1" time="0.013" classname="com.testyantra.corporate.Sample"/>
  <testcase name="script2" time="0.001" classname="com.testyantra.corporate.Sample"/>
  <testcase name="script3" time="0.001" classname="com.testyantra.corporate.Sample"/>
  <testcase name="delbranch" time="0.002" classname="com.testyantra.branches.Branches"/>
  <testcase name="newBranch" time="0.004" classname="com.testyantra.branches.Branches"/>
  <testcase name="upbranch" time="0.005" classname="com.testyantra.branches.Branches"/>
  <testcase name="deldept" time="0.001" classname="com.testyantra.corporate.Department"/>
  <testcase name="newdept" time="0.002" classname="com.testyantra.corporate.Department"/>
  <testcase name="updept" time="0.001" classname="com.testyantra.corporate.Department"/>
  <testcase name="empDetails" time="0.001" classname="com.testyantra.employee.Employee"/>
  <testcase name="script1" time="0.001" classname="com.testyantra.branches.Sample"/>
  <testcase name="script2" time="0.005" classname="com.testyantra.branches.Sample"/>
  <testcase name="script3" time="0.003" classname="com.testyantra.branches.Sample"/>
  <testcase name="newClass" time="0.001" classname="com.testyantra.branches.New"/>
  <testcase name="sample1" time="0.002" classname="com.testyantra.employee.Sample"/>
</testsuite> <!-- Test -->
