<?xml version="1.0" encoding="UTF-8"?>
<!-- Generated by org.testng.reporters.JUnitXMLReporter -->
<testsuite hostname="DESKTOP-KUCBRGK" ignored="0" name="Test" tests="12" failures="0" timestamp="2022-11-23T13:15:57 IST" time="0.093" errors="0">
  <testcase name="script1" time="0.007" classname="com.testyantra.corporate.Sample"/>
  <testcase name="script2" time="0.001" classname="com.testyantra.corporate.Sample"/>
  <testcase name="script3" time="0.001" classname="com.testyantra.corporate.Sample"/>
  <testcase name="delbranch" time="0.001" classname="com.testyantra.branches.Branches"/>
  <testcase name="newBranch" time="0.002" classname="com.testyantra.branches.Branches"/>
  <testcase name="upbranch" time="0.002" classname="com.testyantra.branches.Branches"/>
  <testcase name="deldept" time="0.001" classname="com.testyantra.corporate.Department"/>
  <testcase name="newdept" time="0.007" classname="com.testyantra.corporate.Department"/>
  <testcase name="updept" time="0.001" classname="com.testyantra.corporate.Department"/>
  <testcase name="script1" time="0.002" classname="com.testyantra.branches.Sample"/>
  <testcase name="script2" time="0.001" classname="com.testyantra.branches.Sample"/>
  <testcase name="script3" time="0.001" classname="com.testyantra.branches.Sample"/>
</testsuite> <!-- Test -->
