<?xml version="1.0" encoding="UTF-8"?>
<testng-results skipped="0" failed="0" ignored="0" total="12" passed="12">
  <reporter-output>
  </reporter-output>
  <suite name="Suite" duration-ms="93" started-at="2022-11-23T13:15:57 IST" finished-at="2022-11-23T13:15:57 IST">
    <groups>
    </groups>
    <test name="Test" duration-ms="93" started-at="2022-11-23T13:15:57 IST" finished-at="2022-11-23T13:15:57 IST">
      <class name="com.testyantra.branches.Branches">
        <test-method status="PASS" signature="delbranch()[pri:0, instance:com.testyantra.branches.Branches@1b26f7b2]" name="delbranch" duration-ms="1" started-at="2022-11-23T13:15:57 IST" finished-at="2022-11-23T13:15:57 IST">
          <reporter-output>
          </reporter-output>
        </test-method> <!-- delbranch -->
        <test-method status="PASS" signature="newBranch()[pri:0, instance:com.testyantra.branches.Branches@1b26f7b2]" name="newBranch" duration-ms="2" started-at="2022-11-23T13:15:57 IST" finished-at="2022-11-23T13:15:57 IST">
          <reporter-output>
          </reporter-output>
        </test-method> <!-- newBranch -->
        <test-method status="PASS" signature="upbranch()[pri:0, instance:com.testyantra.branches.Branches@1b26f7b2]" name="upbranch" duration-ms="2" started-at="2022-11-23T13:15:57 IST" finished-at="2022-11-23T13:15:57 IST">
          <reporter-output>
          </reporter-output>
        </test-method> <!-- upbranch -->
      </class> <!-- com.testyantra.branches.Branches -->
      <class name="com.testyantra.corporate.Department">
        <test-method status="PASS" signature="deldept()[pri:0, instance:com.testyantra.corporate.Department@491cc5c9]" name="deldept" duration-ms="1" started-at="2022-11-23T13:15:57 IST" finished-at="2022-11-23T13:15:57 IST">
          <reporter-output>
          </reporter-output>
        </test-method> <!-- deldept -->
        <test-method status="PASS" signature="newdept()[pri:0, instance:com.testyantra.corporate.Department@491cc5c9]" name="newdept" duration-ms="7" started-at="2022-11-23T13:15:57 IST" finished-at="2022-11-23T13:15:57 IST">
          <reporter-output>
          </reporter-output>
        </test-method> <!-- newdept -->
        <test-method status="PASS" signature="updept()[pri:0, instance:com.testyantra.corporate.Department@491cc5c9]" name="updept" duration-ms="1" started-at="2022-11-23T13:15:57 IST" finished-at="2022-11-23T13:15:57 IST">
          <reporter-output>
          </reporter-output>
        </test-method> <!-- updept -->
      </class> <!-- com.testyantra.corporate.Department -->
      <class name="com.testyantra.corporate.Sample">
        <test-method status="PASS" signature="script1()[pri:0, instance:com.testyantra.corporate.Sample@3aeaafa6]" name="script1" duration-ms="7" started-at="2022-11-23T13:15:57 IST" finished-at="2022-11-23T13:15:57 IST">
          <reporter-output>
          </reporter-output>
        </test-method> <!-- script1 -->
        <test-method status="PASS" signature="script2()[pri:0, instance:com.testyantra.corporate.Sample@3aeaafa6]" name="script2" duration-ms="1" started-at="2022-11-23T13:15:57 IST" finished-at="2022-11-23T13:15:57 IST">
          <reporter-output>
          </reporter-output>
        </test-method> <!-- script2 -->
        <test-method status="PASS" signature="script3()[pri:0, instance:com.testyantra.corporate.Sample@3aeaafa6]" name="script3" duration-ms="1" started-at="2022-11-23T13:15:57 IST" finished-at="2022-11-23T13:15:57 IST">
          <reporter-output>
          </reporter-output>
        </test-method> <!-- script3 -->
      </class> <!-- com.testyantra.corporate.Sample -->
      <class name="com.testyantra.branches.Sample">
        <test-method status="PASS" signature="script1()[pri:0, instance:com.testyantra.branches.Sample@74ad1f1f]" name="script1" duration-ms="2" started-at="2022-11-23T13:15:57 IST" finished-at="2022-11-23T13:15:57 IST">
          <reporter-output>
          </reporter-output>
        </test-method> <!-- script1 -->
        <test-method status="PASS" signature="script2()[pri:0, instance:com.testyantra.branches.Sample@74ad1f1f]" name="script2" duration-ms="1" started-at="2022-11-23T13:15:57 IST" finished-at="2022-11-23T13:15:57 IST">
          <reporter-output>
          </reporter-output>
        </test-method> <!-- script2 -->
        <test-method status="PASS" signature="script3()[pri:0, instance:com.testyantra.branches.Sample@74ad1f1f]" name="script3" duration-ms="1" started-at="2022-11-23T13:15:57 IST" finished-at="2022-11-23T13:15:57 IST">
          <reporter-output>
          </reporter-output>
        </test-method> <!-- script3 -->
      </class> <!-- com.testyantra.branches.Sample -->
    </test> <!-- Test -->
  </suite> <!-- Suite -->
</testng-results>
